android/app/build/intermediates/manifest_merge_blame_file/debug/manifest-merger-blame-debug-report.txt
1<?xml version="1.0" encoding="utf-8"?>
2<manifest xmlns:android="http://schemas.android.com/apk/res/android"
3    package="com.iosreact"
4    android:versionCode="1"
5    android:versionName="1.0" >
6
7    <uses-sdk
8        android:minSdkVersion="21"
9        android:targetSdkVersion="34" />
10
11    <uses-feature
11-->src/main/AndroidManifest.xml:3:5-5:36
12        android:name="android.hardware.camera"
12-->src/main/AndroidManifest.xml:4:9-47
13        android:required="false" />
13-->src/main/AndroidManifest.xml:5:9-33
14
15    <uses-permission android:name="android.permission.INTERNET" />
15-->src/main/AndroidManifest.xml:7:5-67
15-->src/main/AndroidManifest.xml:7:22-64
16    <uses-permission android:name="android.permission.CAMERA" />
16-->src/main/AndroidManifest.xml:8:5-65
16-->src/main/AndroidManifest.xml:8:22-62
17    <!--
18    This manifest file is used only by Gradle to configure debug-only capabilities
19    for React Native Apps.
20    -->
21    <uses-permission android:name="android.permission.SYSTEM_ALERT_WINDOW" />
21-->[com.facebook.react:react-android:0.73.2] AndroidManifest.xml:16:5-78
21-->[com.facebook.react:react-android:0.73.2] AndroidManifest.xml:16:22-75
22    <uses-permission android:name="android.permission.ACCESS_WIFI_STATE" />
22-->[sale.clear.studio:documentoscopy-sdk:2.0.5-hml] AndroidManifest.xml:11:5-76
22-->[sale.clear.studio:documentoscopy-sdk:2.0.5-hml] AndroidManifest.xml:11:22-73
23    <uses-permission android:name="android.permission.ACCESS_NETWORK_STATE" />
23-->[sale.clear.studio:documentoscopy-sdk:2.0.5-hml] AndroidManifest.xml:12:5-79
23-->[sale.clear.studio:documentoscopy-sdk:2.0.5-hml] AndroidManifest.xml:12:22-76
24
25    <permission
25-->[androidx.core:core:1.10.1] AndroidManifest.xml:22:5-24:47
26        android:name="com.iosreact.DYNAMIC_RECEIVER_NOT_EXPORTED_PERMISSION"
26-->[androidx.core:core:1.10.1] AndroidManifest.xml:23:9-81
27        android:protectionLevel="signature" />
27-->[androidx.core:core:1.10.1] AndroidManifest.xml:24:9-44
28
29    <uses-permission android:name="com.iosreact.DYNAMIC_RECEIVER_NOT_EXPORTED_PERMISSION" />
29-->[androidx.core:core:1.10.1] AndroidManifest.xml:26:5-97
29-->[androidx.core:core:1.10.1] AndroidManifest.xml:26:22-94
30
31    <application
31-->src/main/AndroidManifest.xml:10:5-29:19
32        android:name="com.iosreact.MainApplication"
32-->src/main/AndroidManifest.xml:11:7-38
33        android:allowBackup="false"
33-->src/main/AndroidManifest.xml:15:7-34
34        android:appComponentFactory="androidx.core.app.CoreComponentFactory"
34-->[androidx.core:core:1.10.1] AndroidManifest.xml:28:18-86
35        android:configChanges="fontScale"
35-->[sale.clear.studio:documentoscopy-sdk:2.0.5-hml] AndroidManifest.xml:14:18-51
36        android:debuggable="true"
37        android:extractNativeLibs="true"
38        android:icon="@mipmap/ic_launcher"
38-->src/main/AndroidManifest.xml:13:7-41
39        android:label="@string/app_name"
39-->src/main/AndroidManifest.xml:12:7-39
40        android:roundIcon="@mipmap/ic_launcher_round"
40-->src/main/AndroidManifest.xml:14:7-52
41        android:testOnly="true"
42        android:theme="@style/AppTheme"
42-->src/main/AndroidManifest.xml:16:7-38
43        android:usesCleartextTraffic="true" >
43-->src/debug/AndroidManifest.xml:6:9-44
44        <activity
44-->src/main/AndroidManifest.xml:17:7-28:18
45            android:name="com.iosreact.MainActivity"
45-->src/main/AndroidManifest.xml:18:9-37
46            android:configChanges="keyboard|keyboardHidden|orientation|screenLayout|screenSize|smallestScreenSize|uiMode"
46-->src/main/AndroidManifest.xml:20:9-118
47            android:exported="true"
47-->src/main/AndroidManifest.xml:23:9-32
48            android:label="@string/app_name"
48-->src/main/AndroidManifest.xml:19:9-41
49            android:launchMode="singleTask"
49-->src/main/AndroidManifest.xml:21:9-40
50            android:windowSoftInputMode="adjustResize" >
50-->src/main/AndroidManifest.xml:22:9-51
51            <intent-filter>
51-->src/main/AndroidManifest.xml:24:9-27:25
52                <action android:name="android.intent.action.MAIN" />
52-->src/main/AndroidManifest.xml:25:13-65
52-->src/main/AndroidManifest.xml:25:21-62
53
54                <category android:name="android.intent.category.LAUNCHER" />
54-->src/main/AndroidManifest.xml:26:13-73
54-->src/main/AndroidManifest.xml:26:23-70
55            </intent-filter>
56        </activity>
57        <activity
57-->[com.facebook.react:react-android:0.73.2] AndroidManifest.xml:19:9-21:40
58            android:name="com.facebook.react.devsupport.DevSettingsActivity"
58-->[com.facebook.react:react-android:0.73.2] AndroidManifest.xml:20:13-77
59            android:exported="false" />
59-->[com.facebook.react:react-android:0.73.2] AndroidManifest.xml:21:13-37
60        <activity
60-->[sale.clear.studio:documentoscopy-sdk:2.0.5-hml] AndroidManifest.xml:15:9-20:61
61            android:name="com.clear.studio.csdocs.presentation.CSDocumentoscopyActivity"
61-->[sale.clear.studio:documentoscopy-sdk:2.0.5-hml] AndroidManifest.xml:16:13-89
62            android:exported="false"
62-->[sale.clear.studio:documentoscopy-sdk:2.0.5-hml] AndroidManifest.xml:17:13-37
63            android:label="@string/title_activity_csdocs2"
63-->[sale.clear.studio:documentoscopy-sdk:2.0.5-hml] AndroidManifest.xml:18:13-59
64            android:screenOrientation="portrait"
64-->[sale.clear.studio:documentoscopy-sdk:2.0.5-hml] AndroidManifest.xml:19:13-49
65            android:theme="@style/Theme.DocsExampleLight" />
65-->[sale.clear.studio:documentoscopy-sdk:2.0.5-hml] AndroidManifest.xml:20:13-58
66
67        <meta-data
67-->[sale.clear.studio:documentoscopy-sdk:2.0.5-hml] AndroidManifest.xml:22:9-24:37
68            android:name="io.sentry.auto-init"
68-->[sale.clear.studio:documentoscopy-sdk:2.0.5-hml] AndroidManifest.xml:23:13-47
69            android:value="false" />
69-->[sale.clear.studio:documentoscopy-sdk:2.0.5-hml] AndroidManifest.xml:24:13-34
70
71        <service
71-->[androidx.camera:camera-camera2:1.3.0-alpha07] AndroidManifest.xml:24:9-33:19
72            android:name="androidx.camera.core.impl.MetadataHolderService"
72-->[androidx.camera:camera-camera2:1.3.0-alpha07] AndroidManifest.xml:25:13-75
73            android:enabled="false"
73-->[androidx.camera:camera-camera2:1.3.0-alpha07] AndroidManifest.xml:26:13-36
74            android:exported="false" >
74-->[androidx.camera:camera-camera2:1.3.0-alpha07] AndroidManifest.xml:27:13-37
75            <meta-data
75-->[androidx.camera:camera-camera2:1.3.0-alpha07] AndroidManifest.xml:30:13-32:89
76                android:name="androidx.camera.core.impl.MetadataHolderService.DEFAULT_CONFIG_PROVIDER"
76-->[androidx.camera:camera-camera2:1.3.0-alpha07] AndroidManifest.xml:31:17-103
77                android:value="androidx.camera.camera2.Camera2Config$DefaultProvider" />
77-->[androidx.camera:camera-camera2:1.3.0-alpha07] AndroidManifest.xml:32:17-86
78        </service>
79
80        <provider
80-->[androidx.emoji2:emoji2:1.3.0] AndroidManifest.xml:24:9-32:20
81            android:name="androidx.startup.InitializationProvider"
81-->[androidx.emoji2:emoji2:1.3.0] AndroidManifest.xml:25:13-67
82            android:authorities="com.iosreact.androidx-startup"
82-->[androidx.emoji2:emoji2:1.3.0] AndroidManifest.xml:26:13-68
83            android:exported="false" >
83-->[androidx.emoji2:emoji2:1.3.0] AndroidManifest.xml:27:13-37
84            <meta-data
84-->[androidx.emoji2:emoji2:1.3.0] AndroidManifest.xml:29:13-31:52
85                android:name="androidx.emoji2.text.EmojiCompatInitializer"
85-->[androidx.emoji2:emoji2:1.3.0] AndroidManifest.xml:30:17-75
86                android:value="androidx.startup" />
86-->[androidx.emoji2:emoji2:1.3.0] AndroidManifest.xml:31:17-49
87            <meta-data
87-->[androidx.lifecycle:lifecycle-process:2.6.1] AndroidManifest.xml:29:13-31:52
88                android:name="androidx.lifecycle.ProcessLifecycleInitializer"
88-->[androidx.lifecycle:lifecycle-process:2.6.1] AndroidManifest.xml:30:17-78
89                android:value="androidx.startup" />
89-->[androidx.lifecycle:lifecycle-process:2.6.1] AndroidManifest.xml:31:17-49
90            <meta-data
90-->[androidx.profileinstaller:profileinstaller:1.3.0] AndroidManifest.xml:29:13-31:52
91                android:name="androidx.profileinstaller.ProfileInstallerInitializer"
91-->[androidx.profileinstaller:profileinstaller:1.3.0] AndroidManifest.xml:30:17-85
92                android:value="androidx.startup" />
92-->[androidx.profileinstaller:profileinstaller:1.3.0] AndroidManifest.xml:31:17-49
93        </provider>
94
95        <receiver
95-->[androidx.profileinstaller:profileinstaller:1.3.0] AndroidManifest.xml:34:9-52:20
96            android:name="androidx.profileinstaller.ProfileInstallReceiver"
96-->[androidx.profileinstaller:profileinstaller:1.3.0] AndroidManifest.xml:35:13-76
97            android:directBootAware="false"
97-->[androidx.profileinstaller:profileinstaller:1.3.0] AndroidManifest.xml:36:13-44
98            android:enabled="true"
98-->[androidx.profileinstaller:profileinstaller:1.3.0] AndroidManifest.xml:37:13-35
99            android:exported="true"
99-->[androidx.profileinstaller:profileinstaller:1.3.0] AndroidManifest.xml:38:13-36
100            android:permission="android.permission.DUMP" >
100-->[androidx.profileinstaller:profileinstaller:1.3.0] AndroidManifest.xml:39:13-57
101            <intent-filter>
101-->[androidx.profileinstaller:profileinstaller:1.3.0] AndroidManifest.xml:40:13-42:29
102                <action android:name="androidx.profileinstaller.action.INSTALL_PROFILE" />
102-->[androidx.profileinstaller:profileinstaller:1.3.0] AndroidManifest.xml:41:17-91
102-->[androidx.profileinstaller:profileinstaller:1.3.0] AndroidManifest.xml:41:25-88
103            </intent-filter>
104            <intent-filter>
104-->[androidx.profileinstaller:profileinstaller:1.3.0] AndroidManifest.xml:43:13-45:29
105                <action android:name="androidx.profileinstaller.action.SKIP_FILE" />
105-->[androidx.profileinstaller:profileinstaller:1.3.0] AndroidManifest.xml:44:17-85
105-->[androidx.profileinstaller:profileinstaller:1.3.0] AndroidManifest.xml:44:25-82
106            </intent-filter>
107            <intent-filter>
107-->[androidx.profileinstaller:profileinstaller:1.3.0] AndroidManifest.xml:46:13-48:29
108                <action android:name="androidx.profileinstaller.action.SAVE_PROFILE" />
108-->[androidx.profileinstaller:profileinstaller:1.3.0] AndroidManifest.xml:47:17-88
108-->[androidx.profileinstaller:profileinstaller:1.3.0] AndroidManifest.xml:47:25-85
109            </intent-filter>
110            <intent-filter>
110-->[androidx.profileinstaller:profileinstaller:1.3.0] AndroidManifest.xml:49:13-51:29
111                <action android:name="androidx.profileinstaller.action.BENCHMARK_OPERATION" />
111-->[androidx.profileinstaller:profileinstaller:1.3.0] AndroidManifest.xml:50:17-95
111-->[androidx.profileinstaller:profileinstaller:1.3.0] AndroidManifest.xml:50:25-92
112            </intent-filter>
113        </receiver>
114
115        <meta-data
115-->[com.facebook.soloader:soloader:0.10.5] AndroidManifest.xml:12:9-14:37
116            android:name="com.facebook.soloader.enabled"
116-->[com.facebook.soloader:soloader:0.10.5] AndroidManifest.xml:13:13-57
117            android:value="false" />
117-->[com.facebook.soloader:soloader:0.10.5] AndroidManifest.xml:14:13-34
118    </application>
119
120</manifest>